[ 2025-11-28 13:29:30 ]
[ UNIX_USR ] :: nt authority\system
[ WINDOWS_USR ] :: DESKTOP-FHJB2CN$
[ INFO ] ::  
            SELECT 
                file.id,
                file.udn_id,
                file.file_name,
                file.upload_date,
                file.size_bytes,
                file.path,
                file.extension,
                file.operation_date,
                file.module,
                usuarios.usser as uploaded_by,
                udn.UDN as udn_name
            FROM rfwsmqex_gvsl_finanzas2.file
            LEFT JOIN usuarios ON file.user_id = usuarios.idUser
            LEFT JOIN udn ON file.udn_id = udn.idUDN
            WHERE 1=1 AND file.operation_date BETWEEN ? AND ?
            ORDER BY file.upload_date DESC
        
[ ERROR READ] :: SQLSTATE[42S22]: Column not found: 1054 Unknown column 'file.module' in 'field list'


[ 2025-11-28 13:29:29 ]
[ UNIX_USR ] :: nt authority\system
[ WINDOWS_USR ] :: DESKTOP-FHJB2CN$
[ INFO ] ::  
            SELECT 
                file.id,
                file.udn_id,
                file.file_name,
                file.upload_date,
                file.size_bytes,
                file.path,
                file.extension,
                file.operation_date,
                file.module,
                usuarios.usser as uploaded_by,
                udn.UDN as udn_name
            FROM rfwsmqex_gvsl_finanzas2.file
            LEFT JOIN usuarios ON file.user_id = usuarios.idUser
            LEFT JOIN udn ON file.udn_id = udn.idUDN
            WHERE 1=1 AND file.operation_date BETWEEN ? AND ? AND file.module = ?
            ORDER BY file.upload_date DESC
        
[ ERROR READ] :: SQLSTATE[42S22]: Column not found: 1054 Unknown column 'file.module' in 'field list'


[ 2025-11-28 13:29:23 ]
[ UNIX_USR ] :: nt authority\system
[ WINDOWS_USR ] :: DESKTOP-FHJB2CN$
[ INFO ] ::  
            SELECT 
                file.id,
                file.udn_id,
                file.file_name,
                file.upload_date,
                file.size_bytes,
                file.path,
                file.extension,
                file.operation_date,
                file.module,
                usuarios.usser as uploaded_by,
                udn.UDN as udn_name
            FROM rfwsmqex_gvsl_finanzas2.file
            LEFT JOIN usuarios ON file.user_id = usuarios.idUser
            LEFT JOIN udn ON file.udn_id = udn.idUDN
            WHERE 1=1 AND file.operation_date BETWEEN ? AND ?
            ORDER BY file.upload_date DESC
        
[ ERROR READ] :: SQLSTATE[42S22]: Column not found: 1054 Unknown column 'file.module' in 'field list'


[ 2025-11-28 13:29:23 ]
[ UNIX_USR ] :: nt authority\system
[ WINDOWS_USR ] :: DESKTOP-FHJB2CN$
[ INFO ] ::  
            SELECT 
                module,
                COUNT(*) as count
            FROM rfwsmqex_gvsl_finanzas2.file
            GROUP BY module
        
[ ERROR READ] :: SQLSTATE[42S22]: Column not found: 1054 Unknown column 'module' in 'field list'


[ 2025-11-28 13:28:58 ]
[ UNIX_USR ] :: nt authority\system
[ WINDOWS_USR ] :: DESKTOP-FHJB2CN$
[ INFO ] ::  
            SELECT 
                file.id,
                file.udn_id,
                file.file_name,
                file.upload_date,
                file.size_bytes,
                file.path,
                file.extension,
                file.operation_date,
                file.module,
                usuarios.usser as uploaded_by,
                udn.UDN as udn_name
            FROM rfwsmqex_gvsl_finanzas2.file
            LEFT JOIN usuarios ON file.user_id = usuarios.idUser
            LEFT JOIN udn ON file.udn_id = udn.idUDN
            WHERE 1=1 AND file.operation_date BETWEEN ? AND ?
            ORDER BY file.upload_date DESC
        
[ ERROR READ] :: SQLSTATE[42S22]: Column not found: 1054 Unknown column 'file.module' in 'field list'


[ 2025-11-28 13:28:58 ]
[ UNIX_USR ] :: nt authority\system
[ WINDOWS_USR ] :: DESKTOP-FHJB2CN$
[ INFO ] ::  
            SELECT 
                module,
                COUNT(*) as count
            FROM rfwsmqex_gvsl_finanzas2.file
            GROUP BY module
        
[ ERROR READ] :: SQLSTATE[42S22]: Column not found: 1054 Unknown column 'module' in 'field list'


[ 2025-11-28 13:28:53 ]
[ UNIX_USR ] :: nt authority\system
[ WINDOWS_USR ] :: DESKTOP-FHJB2CN$
[ INFO ] ::  
            SELECT 
                file.id,
                file.udn_id,
                file.file_name,
                file.upload_date,
                file.size_bytes,
                file.path,
                file.extension,
                file.operation_date,
                file.module,
                usuarios.usser as uploaded_by,
                udn.UDN as udn_name
            FROM rfwsmqex_gvsl_finanzas2.file
            LEFT JOIN usuarios ON file.user_id = usuarios.idUser
            LEFT JOIN udn ON file.udn_id = udn.idUDN
            WHERE 1=1 AND file.operation_date BETWEEN ? AND ?
            ORDER BY file.upload_date DESC
        
[ ERROR READ] :: SQLSTATE[42S22]: Column not found: 1054 Unknown column 'file.module' in 'field list'


[ 2025-11-28 13:28:53 ]
[ UNIX_USR ] :: nt authority\system
[ WINDOWS_USR ] :: DESKTOP-FHJB2CN$
[ INFO ] ::  
            SELECT 
                module,
                COUNT(*) as count
            FROM rfwsmqex_gvsl_finanzas2.file
            GROUP BY module
        
[ ERROR READ] :: SQLSTATE[42S22]: Column not found: 1054 Unknown column 'module' in 'field list'


[ 2025-11-28 13:28:43 ]
[ UNIX_USR ] :: nt authority\system
[ WINDOWS_USR ] :: DESKTOP-FHJB2CN$
[ INFO ] ::  
            SELECT 
                file.id,
                file.udn_id,
                file.file_name,
                file.upload_date,
                file.size_bytes,
                file.path,
                file.extension,
                file.operation_date,
                file.module,
                usuarios.usser as uploaded_by,
                udn.UDN as udn_name
            FROM rfwsmqex_gvsl_finanzas2.file
            LEFT JOIN usuarios ON file.user_id = usuarios.idUser
            LEFT JOIN udn ON file.udn_id = udn.idUDN
            WHERE 1=1 AND file.operation_date BETWEEN ? AND ?
            ORDER BY file.upload_date DESC
        
[ ERROR READ] :: SQLSTATE[42S22]: Column not found: 1054 Unknown column 'file.module' in 'field list'


[ 2025-11-28 13:28:42 ]
[ UNIX_USR ] :: nt authority\system
[ WINDOWS_USR ] :: DESKTOP-FHJB2CN$
[ INFO ] ::  
            SELECT 
                module,
                COUNT(*) as count
            FROM rfwsmqex_gvsl_finanzas2.file
            GROUP BY module
        
[ ERROR READ] :: SQLSTATE[42S22]: Column not found: 1054 Unknown column 'module' in 'field list'


[ 2025-11-28 13:27:49 ]
[ UNIX_USR ] :: nt authority\system
[ WINDOWS_USR ] :: DESKTOP-FHJB2CN$
[ INFO ] ::  
            SELECT 
                file.id,
                file.udn_id,
                file.file_name,
                file.upload_date,
                file.size_bytes,
                file.path,
                file.extension,
                file.operation_date,
                file.module,
                usuarios.usser as uploaded_by,
                udn.UDN as udn_name
            FROM rfwsmqex_gvsl_finanzas2.file
            LEFT JOIN usuarios ON file.user_id = usuarios.idUser
            LEFT JOIN udn ON file.udn_id = udn.idUDN
            WHERE 1=1 AND file.operation_date BETWEEN ? AND ?
            ORDER BY file.upload_date DESC
        
[ ERROR READ] :: SQLSTATE[42S22]: Column not found: 1054 Unknown column 'file.module' in 'field list'


[ 2025-11-28 13:27:49 ]
[ UNIX_USR ] :: nt authority\system
[ WINDOWS_USR ] :: DESKTOP-FHJB2CN$
[ INFO ] ::  
            SELECT 
                module,
                COUNT(*) as count
            FROM rfwsmqex_gvsl_finanzas2.file
            GROUP BY module
        
[ ERROR READ] :: SQLSTATE[42S22]: Column not found: 1054 Unknown column 'module' in 'field list'


[ 2025-11-28 13:27:33 ]
[ UNIX_USR ] :: nt authority\system
[ WINDOWS_USR ] :: DESKTOP-FHJB2CN$
[ INFO ] ::  
            SELECT 
                file.id,
                file.udn_id,
                file.file_name,
                file.upload_date,
                file.size_bytes,
                file.path,
                file.extension,
                file.operation_date,
                file.module,
                usuarios.usser as uploaded_by,
                udn.UDN as udn_name
            FROM rfwsmqex_gvsl_finanzas2.file
            LEFT JOIN usuarios ON file.user_id = usuarios.idUser
            LEFT JOIN udn ON file.udn_id = udn.idUDN
            WHERE 1=1 AND file.operation_date BETWEEN ? AND ?
            ORDER BY file.upload_date DESC
        
[ ERROR READ] :: SQLSTATE[42S22]: Column not found: 1054 Unknown column 'file.module' in 'field list'


[ 2025-11-28 13:27:33 ]
[ UNIX_USR ] :: nt authority\system
[ WINDOWS_USR ] :: DESKTOP-FHJB2CN$
[ INFO ] ::  
            SELECT 
                module,
                COUNT(*) as count
            FROM rfwsmqex_gvsl_finanzas2.file
            GROUP BY module
        
[ ERROR READ] :: SQLSTATE[42S22]: Column not found: 1054 Unknown column 'module' in 'field list'


[ 2025-11-28 13:27:24 ]
[ UNIX_USR ] :: nt authority\system
[ WINDOWS_USR ] :: DESKTOP-FHJB2CN$
[ INFO ] ::  
            SELECT 
                file.id,
                file.udn_id,
                file.file_name,
                file.upload_date,
                file.size_bytes,
                file.path,
                file.extension,
                file.operation_date,
                file.module,
                usuarios.usser as uploaded_by,
                udn.UDN as udn_name
            FROM rfwsmqex_gvsl_finanzas2.file
            LEFT JOIN usuarios ON file.user_id = usuarios.idUser
            LEFT JOIN udn ON file.udn_id = udn.idUDN
            WHERE 1=1 AND file.operation_date BETWEEN ? AND ?
            ORDER BY file.upload_date DESC
        
[ ERROR READ] :: SQLSTATE[42S22]: Column not found: 1054 Unknown column 'file.module' in 'field list'


[ 2025-11-28 13:27:24 ]
[ UNIX_USR ] :: nt authority\system
[ WINDOWS_USR ] :: DESKTOP-FHJB2CN$
[ INFO ] ::  
            SELECT 
                module,
                COUNT(*) as count
            FROM rfwsmqex_gvsl_finanzas2.file
            GROUP BY module
        
[ ERROR READ] :: SQLSTATE[42S22]: Column not found: 1054 Unknown column 'module' in 'field list'


[ 2025-11-28 13:27:23 ]
[ UNIX_USR ] :: nt authority\system
[ WINDOWS_USR ] :: DESKTOP-FHJB2CN$
[ INFO ] ::  
            SELECT 
                file.id,
                file.udn_id,
                file.file_name,
                file.upload_date,
                file.size_bytes,
                file.path,
                file.extension,
                file.operation_date,
                file.module,
                usuarios.usser as uploaded_by,
                udn.UDN as udn_name
            FROM rfwsmqex_gvsl_finanzas2.file
            LEFT JOIN usuarios ON file.user_id = usuarios.idUser
            LEFT JOIN udn ON file.udn_id = udn.idUDN
            WHERE 1=1 AND file.operation_date BETWEEN ? AND ?
            ORDER BY file.upload_date DESC
        
[ ERROR READ] :: SQLSTATE[42S22]: Column not found: 1054 Unknown column 'file.module' in 'field list'


[ 2025-11-28 13:27:23 ]
[ UNIX_USR ] :: nt authority\system
[ WINDOWS_USR ] :: DESKTOP-FHJB2CN$
[ INFO ] ::  
            SELECT 
                module,
                COUNT(*) as count
            FROM rfwsmqex_gvsl_finanzas2.file
            GROUP BY module
        
[ ERROR READ] :: SQLSTATE[42S22]: Column not found: 1054 Unknown column 'module' in 'field list'


[ 2025-11-28 13:27:18 ]
[ UNIX_USR ] :: nt authority\system
[ WINDOWS_USR ] :: DESKTOP-FHJB2CN$
[ INFO ] ::  
            SELECT 
                file.id,
                file.udn_id,
                file.file_name,
                file.upload_date,
                file.size_bytes,
                file.path,
                file.extension,
                file.operation_date,
                file.module,
                usuarios.usser as uploaded_by,
                udn.UDN as udn_name
            FROM rfwsmqex_gvsl_finanzas2.file
            LEFT JOIN usuarios ON file.user_id = usuarios.idUser
            LEFT JOIN udn ON file.udn_id = udn.idUDN
            WHERE 1=1 AND file.operation_date BETWEEN ? AND ?
            ORDER BY file.upload_date DESC
        
[ ERROR READ] :: SQLSTATE[42S22]: Column not found: 1054 Unknown column 'file.module' in 'field list'


[ 2025-11-28 13:27:18 ]
[ UNIX_USR ] :: nt authority\system
[ WINDOWS_USR ] :: DESKTOP-FHJB2CN$
[ INFO ] ::  
            SELECT 
                module,
                COUNT(*) as count
            FROM rfwsmqex_gvsl_finanzas2.file
            GROUP BY module
        
[ ERROR READ] :: SQLSTATE[42S22]: Column not found: 1054 Unknown column 'module' in 'field list'


[ 2025-11-28 13:26:59 ]
[ UNIX_USR ] :: nt authority\system
[ WINDOWS_USR ] :: DESKTOP-FHJB2CN$
[ INFO ] ::  
            SELECT 
                file.id,
                file.udn_id,
                file.file_name,
                file.upload_date,
                file.size_bytes,
                file.path,
                file.extension,
                file.operation_date,
                file.module,
                usuarios.usser as uploaded_by,
                udn.UDN as udn_name
            FROM rfwsmqex_gvsl_finanzas2.file
            LEFT JOIN usuarios ON file.user_id = usuarios.idUser
            LEFT JOIN udn ON file.udn_id = udn.idUDN
            WHERE 1=1 AND file.operation_date BETWEEN ? AND ?
            ORDER BY file.upload_date DESC
        
[ ERROR READ] :: SQLSTATE[42S22]: Column not found: 1054 Unknown column 'file.module' in 'field list'


[ 2025-11-28 13:26:59 ]
[ UNIX_USR ] :: nt authority\system
[ WINDOWS_USR ] :: DESKTOP-FHJB2CN$
[ INFO ] ::  
            SELECT 
                module,
                COUNT(*) as count
            FROM rfwsmqex_gvsl_finanzas2.file
            GROUP BY module
        
[ ERROR READ] :: SQLSTATE[42S22]: Column not found: 1054 Unknown column 'module' in 'field list'


[ 2025-11-28 13:26:58 ]
[ UNIX_USR ] :: nt authority\system
[ WINDOWS_USR ] :: DESKTOP-FHJB2CN$
[ INFO ] ::  
            SELECT 
                file.id,
                file.udn_id,
                file.file_name,
                file.upload_date,
                file.size_bytes,
                file.path,
                file.extension,
                file.operation_date,
                file.module,
                usuarios.usser as uploaded_by,
                udn.UDN as udn_name
            FROM rfwsmqex_gvsl_finanzas2.file
            LEFT JOIN usuarios ON file.user_id = usuarios.idUser
            LEFT JOIN udn ON file.udn_id = udn.idUDN
            WHERE 1=1 AND file.operation_date BETWEEN ? AND ?
            ORDER BY file.upload_date DESC
        
[ ERROR READ] :: SQLSTATE[42S22]: Column not found: 1054 Unknown column 'file.module' in 'field list'


[ 2025-11-28 13:26:58 ]
[ UNIX_USR ] :: nt authority\system
[ WINDOWS_USR ] :: DESKTOP-FHJB2CN$
[ INFO ] ::  
            SELECT 
                module,
                COUNT(*) as count
            FROM rfwsmqex_gvsl_finanzas2.file
            GROUP BY module
        
[ ERROR READ] :: SQLSTATE[42S22]: Column not found: 1054 Unknown column 'module' in 'field list'


[ 2025-11-28 13:26:48 ]
[ UNIX_USR ] :: nt authority\system
[ WINDOWS_USR ] :: DESKTOP-FHJB2CN$
[ INFO ] ::  
            SELECT 
                file.id,
                file.udn_id,
                file.file_name,
                file.upload_date,
                file.size_bytes,
                file.path,
                file.extension,
                file.operation_date,
                file.module,
                usuarios.usser as uploaded_by,
                udn.UDN as udn_name
            FROM rfwsmqex_gvsl_finanzas2.file
            LEFT JOIN usuarios ON file.user_id = usuarios.idUser
            LEFT JOIN udn ON file.udn_id = udn.idUDN
            WHERE 1=1 AND file.operation_date BETWEEN ? AND ?
            ORDER BY file.upload_date DESC
        
[ ERROR READ] :: SQLSTATE[42S22]: Column not found: 1054 Unknown column 'file.module' in 'field list'


[ 2025-11-28 13:26:48 ]
[ UNIX_USR ] :: nt authority\system
[ WINDOWS_USR ] :: DESKTOP-FHJB2CN$
[ INFO ] ::  
            SELECT 
                module,
                COUNT(*) as count
            FROM rfwsmqex_gvsl_finanzas2.file
            GROUP BY module
        
[ ERROR READ] :: SQLSTATE[42S22]: Column not found: 1054 Unknown column 'module' in 'field list'


[ 2025-11-28 13:26:47 ]
[ UNIX_USR ] :: nt authority\system
[ WINDOWS_USR ] :: DESKTOP-FHJB2CN$
[ INFO ] ::  
            SELECT 
                file.id,
                file.udn_id,
                file.file_name,
                file.upload_date,
                file.size_bytes,
                file.path,
                file.extension,
                file.operation_date,
                file.module,
                usuarios.usser as uploaded_by,
                udn.UDN as udn_name
            FROM rfwsmqex_gvsl_finanzas2.file
            LEFT JOIN usuarios ON file.user_id = usuarios.idUser
            LEFT JOIN udn ON file.udn_id = udn.idUDN
            WHERE 1=1 AND file.operation_date BETWEEN ? AND ?
            ORDER BY file.upload_date DESC
        
[ ERROR READ] :: SQLSTATE[42S22]: Column not found: 1054 Unknown column 'file.module' in 'field list'


[ 2025-11-28 13:26:47 ]
[ UNIX_USR ] :: nt authority\system
[ WINDOWS_USR ] :: DESKTOP-FHJB2CN$
[ INFO ] ::  
            SELECT 
                module,
                COUNT(*) as count
            FROM rfwsmqex_gvsl_finanzas2.file
            GROUP BY module
        
[ ERROR READ] :: SQLSTATE[42S22]: Column not found: 1054 Unknown column 'module' in 'field list'


[ 2025-11-28 13:26:46 ]
[ UNIX_USR ] :: nt authority\system
[ WINDOWS_USR ] :: DESKTOP-FHJB2CN$
[ INFO ] ::  
            SELECT 
                file.id,
                file.udn_id,
                file.file_name,
                file.upload_date,
                file.size_bytes,
                file.path,
                file.extension,
                file.operation_date,
                file.module,
                usuarios.usser as uploaded_by,
                udn.UDN as udn_name
            FROM rfwsmqex_gvsl_finanzas2.file
            LEFT JOIN usuarios ON file.user_id = usuarios.idUser
            LEFT JOIN udn ON file.udn_id = udn.idUDN
            WHERE 1=1 AND file.operation_date BETWEEN ? AND ?
            ORDER BY file.upload_date DESC
        
[ ERROR READ] :: SQLSTATE[42S22]: Column not found: 1054 Unknown column 'file.module' in 'field list'


[ 2025-11-28 13:26:46 ]
[ UNIX_USR ] :: nt authority\system
[ WINDOWS_USR ] :: DESKTOP-FHJB2CN$
[ INFO ] ::  
            SELECT 
                module,
                COUNT(*) as count
            FROM rfwsmqex_gvsl_finanzas2.file
            GROUP BY module
        
[ ERROR READ] :: SQLSTATE[42S22]: Column not found: 1054 Unknown column 'module' in 'field list'


[ 2025-11-28 13:26:41 ]
[ UNIX_USR ] :: nt authority\system
[ WINDOWS_USR ] :: DESKTOP-FHJB2CN$
[ INFO ] ::  
            SELECT 
                file.id,
                file.udn_id,
                file.file_name,
                file.upload_date,
                file.size_bytes,
                file.path,
                file.extension,
                file.operation_date,
                file.module,
                usuarios.usser as uploaded_by,
                udn.UDN as udn_name
            FROM rfwsmqex_gvsl_finanzas2.file
            LEFT JOIN usuarios ON file.user_id = usuarios.idUser
            LEFT JOIN udn ON file.udn_id = udn.idUDN
            WHERE 1=1 AND file.operation_date BETWEEN ? AND ?
            ORDER BY file.upload_date DESC
        
[ ERROR READ] :: SQLSTATE[42S22]: Column not found: 1054 Unknown column 'file.module' in 'field list'


[ 2025-11-28 13:26:41 ]
[ UNIX_USR ] :: nt authority\system
[ WINDOWS_USR ] :: DESKTOP-FHJB2CN$
[ INFO ] ::  
            SELECT 
                module,
                COUNT(*) as count
            FROM rfwsmqex_gvsl_finanzas2.file
            GROUP BY module
        
[ ERROR READ] :: SQLSTATE[42S22]: Column not found: 1054 Unknown column 'module' in 'field list'


[ 2025-11-28 13:26:40 ]
[ UNIX_USR ] :: nt authority\system
[ WINDOWS_USR ] :: DESKTOP-FHJB2CN$
[ INFO ] ::  
            SELECT 
                file.id,
                file.udn_id,
                file.file_name,
                file.upload_date,
                file.size_bytes,
                file.path,
                file.extension,
                file.operation_date,
                file.module,
                usuarios.usser as uploaded_by,
                udn.UDN as udn_name
            FROM rfwsmqex_gvsl_finanzas2.file
            LEFT JOIN usuarios ON file.user_id = usuarios.idUser
            LEFT JOIN udn ON file.udn_id = udn.idUDN
            WHERE 1=1 AND file.operation_date BETWEEN ? AND ?
            ORDER BY file.upload_date DESC
        
[ ERROR READ] :: SQLSTATE[42S22]: Column not found: 1054 Unknown column 'file.module' in 'field list'


[ 2025-11-28 13:26:40 ]
[ UNIX_USR ] :: nt authority\system
[ WINDOWS_USR ] :: DESKTOP-FHJB2CN$
[ INFO ] ::  
            SELECT 
                module,
                COUNT(*) as count
            FROM rfwsmqex_gvsl_finanzas2.file
            GROUP BY module
        
[ ERROR READ] :: SQLSTATE[42S22]: Column not found: 1054 Unknown column 'module' in 'field list'


[ 2025-11-28 13:26:20 ]
[ UNIX_USR ] :: nt authority\system
[ WINDOWS_USR ] :: DESKTOP-FHJB2CN$
[ INFO ] ::  
            SELECT 
                file.id,
                file.udn_id,
                file.file_name,
                file.upload_date,
                file.size_bytes,
                file.path,
                file.extension,
                file.operation_date,
                file.module,
                usuarios.usser as uploaded_by,
                udn.UDN as udn_name
            FROM rfwsmqex_gvsl_finanzas2.file
            LEFT JOIN usuarios ON file.user_id = usuarios.idUser
            LEFT JOIN udn ON file.udn_id = udn.idUDN
            WHERE 1=1 AND file.operation_date BETWEEN ? AND ?
            ORDER BY file.upload_date DESC
        
[ ERROR READ] :: SQLSTATE[42S22]: Column not found: 1054 Unknown column 'file.module' in 'field list'


[ 2025-11-28 13:26:20 ]
[ UNIX_USR ] :: nt authority\system
[ WINDOWS_USR ] :: DESKTOP-FHJB2CN$
[ INFO ] ::  
            SELECT 
                module,
                COUNT(*) as count
            FROM rfwsmqex_gvsl_finanzas2.file
            GROUP BY module
        
[ ERROR READ] :: SQLSTATE[42S22]: Column not found: 1054 Unknown column 'module' in 'field list'


[ 2025-11-28 13:26:14 ]
[ UNIX_USR ] :: nt authority\system
[ WINDOWS_USR ] :: DESKTOP-FHJB2CN$
[ INFO ] ::  
            SELECT 
                file.id,
                file.udn_id,
                file.file_name,
                file.upload_date,
                file.size_bytes,
                file.path,
                file.extension,
                file.operation_date,
                file.module,
                usuarios.usser as uploaded_by,
                udn.UDN as udn_name
            FROM rfwsmqex_gvsl_finanzas2.file
            LEFT JOIN usuarios ON file.user_id = usuarios.idUser
            LEFT JOIN udn ON file.udn_id = udn.idUDN
            WHERE 1=1 AND file.operation_date BETWEEN ? AND ?
            ORDER BY file.upload_date DESC
        
[ ERROR READ] :: SQLSTATE[42S22]: Column not found: 1054 Unknown column 'file.module' in 'field list'


[ 2025-11-28 13:26:14 ]
[ UNIX_USR ] :: nt authority\system
[ WINDOWS_USR ] :: DESKTOP-FHJB2CN$
[ INFO ] ::  
            SELECT 
                module,
                COUNT(*) as count
            FROM rfwsmqex_gvsl_finanzas2.file
            GROUP BY module
        
[ ERROR READ] :: SQLSTATE[42S22]: Column not found: 1054 Unknown column 'module' in 'field list'


[ 2025-11-28 13:25:58 ]
[ UNIX_USR ] :: nt authority\system
[ WINDOWS_USR ] :: DESKTOP-FHJB2CN$
[ INFO ] ::  
            SELECT 
                file.id,
                file.udn_id,
                file.file_name,
                file.upload_date,
                file.size_bytes,
                file.path,
                file.extension,
                file.operation_date,
                file.module,
                usuarios.usser as uploaded_by,
                udn.UDN as udn_name
            FROM rfwsmqex_gvsl_finanzas2.file
            LEFT JOIN usuarios ON file.user_id = usuarios.idUser
            LEFT JOIN udn ON file.udn_id = udn.idUDN
            WHERE 1=1 AND file.operation_date BETWEEN ? AND ?
            ORDER BY file.upload_date DESC
        
[ ERROR READ] :: SQLSTATE[42S22]: Column not found: 1054 Unknown column 'file.module' in 'field list'


[ 2025-11-28 13:25:58 ]
[ UNIX_USR ] :: nt authority\system
[ WINDOWS_USR ] :: DESKTOP-FHJB2CN$
[ INFO ] ::  
            SELECT 
                module,
                COUNT(*) as count
            FROM rfwsmqex_gvsl_finanzas2.file
            GROUP BY module
        
[ ERROR READ] :: SQLSTATE[42S22]: Column not found: 1054 Unknown column 'module' in 'field list'


[ 2025-11-28 13:25:55 ]
[ UNIX_USR ] :: nt authority\system
[ WINDOWS_USR ] :: DESKTOP-FHJB2CN$
[ INFO ] ::  
            SELECT 
                file.id,
                file.udn_id,
                file.file_name,
                file.upload_date,
                file.size_bytes,
                file.path,
                file.extension,
                file.operation_date,
                file.module,
                usuarios.usser as uploaded_by,
                udn.UDN as udn_name
            FROM rfwsmqex_gvsl_finanzas2.file
            LEFT JOIN usuarios ON file.user_id = usuarios.idUser
            LEFT JOIN udn ON file.udn_id = udn.idUDN
            WHERE 1=1 AND file.operation_date BETWEEN ? AND ?
            ORDER BY file.upload_date DESC
        
[ ERROR READ] :: SQLSTATE[42S22]: Column not found: 1054 Unknown column 'file.module' in 'field list'


[ 2025-11-28 13:25:55 ]
[ UNIX_USR ] :: nt authority\system
[ WINDOWS_USR ] :: DESKTOP-FHJB2CN$
[ INFO ] ::  
            SELECT 
                module,
                COUNT(*) as count
            FROM rfwsmqex_gvsl_finanzas2.file
            GROUP BY module
        
[ ERROR READ] :: SQLSTATE[42S22]: Column not found: 1054 Unknown column 'module' in 'field list'


[ 2025-11-28 13:25:28 ]
[ UNIX_USR ] :: nt authority\system
[ WINDOWS_USR ] :: DESKTOP-FHJB2CN$
[ INFO ] ::  
            SELECT 
                file.id,
                file.udn_id,
                file.file_name,
                file.upload_date,
                file.size_bytes,
                file.path,
                file.extension,
                file.operation_date,
                file.module,
                usuarios.usser as uploaded_by,
                udn.UDN as udn_name
            FROM rfwsmqex_gvsl_finanzas2.file
            LEFT JOIN usuarios ON file.user_id = usuarios.idUser
            LEFT JOIN udn ON file.udn_id = udn.idUDN
            WHERE 1=1 AND file.operation_date BETWEEN ? AND ?
            ORDER BY file.upload_date DESC
        
[ ERROR READ] :: SQLSTATE[42S22]: Column not found: 1054 Unknown column 'file.module' in 'field list'


[ 2025-11-28 13:25:28 ]
[ UNIX_USR ] :: nt authority\system
[ WINDOWS_USR ] :: DESKTOP-FHJB2CN$
[ INFO ] ::  
            SELECT 
                module,
                COUNT(*) as count
            FROM rfwsmqex_gvsl_finanzas2.file
            GROUP BY module
        
[ ERROR READ] :: SQLSTATE[42S22]: Column not found: 1054 Unknown column 'module' in 'field list'


[ 2025-11-28 13:25:22 ]
[ UNIX_USR ] :: nt authority\system
[ WINDOWS_USR ] :: DESKTOP-FHJB2CN$
[ INFO ] ::  
            SELECT 
                file.id,
                file.udn_id,
                file.file_name,
                file.upload_date,
                file.size_bytes,
                file.path,
                file.extension,
                file.operation_date,
                file.module,
                usuarios.usser as uploaded_by,
                udn.UDN as udn_name
            FROM rfwsmqex_gvsl_finanzas2.file
            LEFT JOIN usuarios ON file.user_id = usuarios.idUser
            LEFT JOIN udn ON file.udn_id = udn.idUDN
            WHERE 1=1 AND file.operation_date BETWEEN ? AND ?
            ORDER BY file.upload_date DESC
        
[ ERROR READ] :: SQLSTATE[42S22]: Column not found: 1054 Unknown column 'file.module' in 'field list'


[ 2025-11-28 13:25:22 ]
[ UNIX_USR ] :: nt authority\system
[ WINDOWS_USR ] :: DESKTOP-FHJB2CN$
[ INFO ] ::  
            SELECT 
                module,
                COUNT(*) as count
            FROM rfwsmqex_gvsl_finanzas2.file
            GROUP BY module
        
[ ERROR READ] :: SQLSTATE[42S22]: Column not found: 1054 Unknown column 'module' in 'field list'


[ 2025-11-28 13:25:22 ]
[ UNIX_USR ] :: nt authority\system
[ WINDOWS_USR ] :: DESKTOP-FHJB2CN$
[ INFO ] ::  
            SELECT 
                file.id,
                file.udn_id,
                file.file_name,
                file.upload_date,
                file.size_bytes,
                file.path,
                file.extension,
                file.operation_date,
                file.module,
                usuarios.usser as uploaded_by,
                udn.UDN as udn_name
            FROM rfwsmqex_gvsl_finanzas2.file
            LEFT JOIN usuarios ON file.user_id = usuarios.idUser
            LEFT JOIN udn ON file.udn_id = udn.idUDN
            WHERE 1=1 AND file.operation_date BETWEEN ? AND ?
            ORDER BY file.upload_date DESC
        
[ ERROR READ] :: SQLSTATE[42S22]: Column not found: 1054 Unknown column 'file.module' in 'field list'


[ 2025-11-28 13:25:21 ]
[ UNIX_USR ] :: nt authority\system
[ WINDOWS_USR ] :: DESKTOP-FHJB2CN$
[ INFO ] ::  
            SELECT 
                module,
                COUNT(*) as count
            FROM rfwsmqex_gvsl_finanzas2.file
            GROUP BY module
        
[ ERROR READ] :: SQLSTATE[42S22]: Column not found: 1054 Unknown column 'module' in 'field list'


[ 2025-11-28 13:25:21 ]
[ UNIX_USR ] :: nt authority\system
[ WINDOWS_USR ] :: DESKTOP-FHJB2CN$
[ INFO ] ::  
            SELECT 
                file.id,
                file.udn_id,
                file.file_name,
                file.upload_date,
                file.size_bytes,
                file.path,
                file.extension,
                file.operation_date,
                file.module,
                usuarios.usser as uploaded_by,
                udn.UDN as udn_name
            FROM rfwsmqex_gvsl_finanzas2.file
            LEFT JOIN usuarios ON file.user_id = usuarios.idUser
            LEFT JOIN udn ON file.udn_id = udn.idUDN
            WHERE 1=1 AND file.operation_date BETWEEN ? AND ?
            ORDER BY file.upload_date DESC
        
[ ERROR READ] :: SQLSTATE[42S22]: Column not found: 1054 Unknown column 'file.module' in 'field list'


[ 2025-11-28 13:25:21 ]
[ UNIX_USR ] :: nt authority\system
[ WINDOWS_USR ] :: DESKTOP-FHJB2CN$
[ INFO ] ::  
            SELECT 
                module,
                COUNT(*) as count
            FROM rfwsmqex_gvsl_finanzas2.file
            GROUP BY module
        
[ ERROR READ] :: SQLSTATE[42S22]: Column not found: 1054 Unknown column 'module' in 'field list'


[ 2025-11-28 13:25:05 ]
[ UNIX_USR ] :: nt authority\system
[ WINDOWS_USR ] :: DESKTOP-FHJB2CN$
[ INFO ] ::  
            SELECT 
                file.id,
                file.udn_id,
                file.file_name,
                file.upload_date,
                file.size_bytes,
                file.path,
                file.extension,
                file.operation_date,
                file.module,
                usuarios.usser as uploaded_by,
                udn.UDN as udn_name
            FROM rfwsmqex_gvsl_finanzas2.file
            LEFT JOIN usuarios ON file.user_id = usuarios.idUser
            LEFT JOIN udn ON file.udn_id = udn.idUDN
            WHERE 1=1 AND file.operation_date BETWEEN ? AND ?
            ORDER BY file.upload_date DESC
        
[ ERROR READ] :: SQLSTATE[42S22]: Column not found: 1054 Unknown column 'file.module' in 'field list'


[ 2025-11-28 13:25:05 ]
[ UNIX_USR ] :: nt authority\system
[ WINDOWS_USR ] :: DESKTOP-FHJB2CN$
[ INFO ] ::  
            SELECT 
                module,
                COUNT(*) as count
            FROM rfwsmqex_gvsl_finanzas2.file
            GROUP BY module
        
[ ERROR READ] :: SQLSTATE[42S22]: Column not found: 1054 Unknown column 'module' in 'field list'


[ 2025-11-28 13:24:14 ]
[ UNIX_USR ] :: nt authority\system
[ WINDOWS_USR ] :: DESKTOP-FHJB2CN$
[ INFO ] ::  
            SELECT 
                file.id,
                file.udn_id,
                file.file_name,
                file.upload_date,
                file.size_bytes,
                file.path,
                file.extension,
                file.operation_date,
                file.module,
                usuarios.usser as uploaded_by,
                udn.UDN as udn_name
            FROM rfwsmqex_gvsl_finanzas2.file
            LEFT JOIN usuarios ON file.user_id = usuarios.idUser
            LEFT JOIN udn ON file.udn_id = udn.idUDN
            WHERE 1=1 AND file.operation_date BETWEEN ? AND ?
            ORDER BY file.upload_date DESC
        
[ ERROR READ] :: SQLSTATE[42S22]: Column not found: 1054 Unknown column 'file.module' in 'field list'


[ 2025-11-28 13:24:13 ]
[ UNIX_USR ] :: nt authority\system
[ WINDOWS_USR ] :: DESKTOP-FHJB2CN$
[ INFO ] ::  
            SELECT 
                module,
                COUNT(*) as count
            FROM rfwsmqex_gvsl_finanzas2.file
            GROUP BY module
        
[ ERROR READ] :: SQLSTATE[42S22]: Column not found: 1054 Unknown column 'module' in 'field list'


[ 2025-11-28 13:23:52 ]
[ UNIX_USR ] :: nt authority\system
[ WINDOWS_USR ] :: DESKTOP-FHJB2CN$
[ INFO ] ::  
            SELECT 
                file.id,
                file.udn_id,
                file.file_name,
                file.upload_date,
                file.size_bytes,
                file.path,
                file.extension,
                file.operation_date,
                file.module,
                usuarios.usser as uploaded_by,
                udn.UDN as udn_name
            FROM rfwsmqex_gvsl_finanzas2.file
            LEFT JOIN usuarios ON file.user_id = usuarios.idUser
            LEFT JOIN udn ON file.udn_id = udn.idUDN
            WHERE 1=1 AND file.operation_date BETWEEN ? AND ?
            ORDER BY file.upload_date DESC
        
[ ERROR READ] :: SQLSTATE[42S22]: Column not found: 1054 Unknown column 'file.module' in 'field list'


[ 2025-11-28 13:23:52 ]
[ UNIX_USR ] :: nt authority\system
[ WINDOWS_USR ] :: DESKTOP-FHJB2CN$
[ INFO ] ::  
            SELECT 
                module,
                COUNT(*) as count
            FROM rfwsmqex_gvsl_finanzas2.file
            GROUP BY module
        
[ ERROR READ] :: SQLSTATE[42S22]: Column not found: 1054 Unknown column 'module' in 'field list'


[ 2025-11-28 13:23:45 ]
[ UNIX_USR ] :: nt authority\system
[ WINDOWS_USR ] :: DESKTOP-FHJB2CN$
[ INFO ] ::  
            SELECT 
                file.id,
                file.udn_id,
                file.file_name,
                file.upload_date,
                file.size_bytes,
                file.path,
                file.extension,
                file.operation_date,
                file.module,
                usuarios.usser as uploaded_by,
                udn.UDN as udn_name
            FROM rfwsmqex_gvsl_finanzas2.file
            LEFT JOIN usuarios ON file.user_id = usuarios.idUser
            LEFT JOIN udn ON file.udn_id = udn.idUDN
            WHERE 1=1 AND file.operation_date BETWEEN ? AND ?
            ORDER BY file.upload_date DESC
        
[ ERROR READ] :: SQLSTATE[42S22]: Column not found: 1054 Unknown column 'file.module' in 'field list'


[ 2025-11-28 13:23:45 ]
[ UNIX_USR ] :: nt authority\system
[ WINDOWS_USR ] :: DESKTOP-FHJB2CN$
[ INFO ] ::  
            SELECT 
                module,
                COUNT(*) as count
            FROM rfwsmqex_gvsl_finanzas2.file
            GROUP BY module
        
[ ERROR READ] :: SQLSTATE[42S22]: Column not found: 1054 Unknown column 'module' in 'field list'


[ 2025-11-28 13:23:32 ]
[ UNIX_USR ] :: nt authority\system
[ WINDOWS_USR ] :: DESKTOP-FHJB2CN$
[ INFO ] ::  
            SELECT 
                file.id,
                file.udn_id,
                file.file_name,
                file.upload_date,
                file.size_bytes,
                file.path,
                file.extension,
                file.operation_date,
                file.module,
                usuarios.usser as uploaded_by,
                udn.UDN as udn_name
            FROM rfwsmqex_gvsl_finanzas2.file
            LEFT JOIN usuarios ON file.user_id = usuarios.idUser
            LEFT JOIN udn ON file.udn_id = udn.idUDN
            WHERE 1=1 AND file.operation_date BETWEEN ? AND ?
            ORDER BY file.upload_date DESC
        
[ ERROR READ] :: SQLSTATE[42S22]: Column not found: 1054 Unknown column 'file.module' in 'field list'


[ 2025-11-28 13:23:32 ]
[ UNIX_USR ] :: nt authority\system
[ WINDOWS_USR ] :: DESKTOP-FHJB2CN$
[ INFO ] ::  
            SELECT 
                module,
                COUNT(*) as count
            FROM rfwsmqex_gvsl_finanzas2.file
            GROUP BY module
        
[ ERROR READ] :: SQLSTATE[42S22]: Column not found: 1054 Unknown column 'module' in 'field list'


[ 2025-11-28 13:23:17 ]
[ UNIX_USR ] :: nt authority\system
[ WINDOWS_USR ] :: DESKTOP-FHJB2CN$
[ INFO ] ::  
            SELECT 
                file.id,
                file.udn_id,
                file.file_name,
                file.upload_date,
                file.size_bytes,
                file.path,
                file.extension,
                file.operation_date,
                file.module,
                usuarios.usser as uploaded_by,
                udn.UDN as udn_name
            FROM rfwsmqex_gvsl_finanzas2.file
            LEFT JOIN usuarios ON file.user_id = usuarios.idUser
            LEFT JOIN udn ON file.udn_id = udn.idUDN
            WHERE 1=1 AND file.operation_date BETWEEN ? AND ?
            ORDER BY file.upload_date DESC
        
[ ERROR READ] :: SQLSTATE[42S22]: Column not found: 1054 Unknown column 'file.module' in 'field list'


[ 2025-11-28 13:23:17 ]
[ UNIX_USR ] :: nt authority\system
[ WINDOWS_USR ] :: DESKTOP-FHJB2CN$
[ INFO ] ::  
            SELECT 
                module,
                COUNT(*) as count
            FROM rfwsmqex_gvsl_finanzas2.file
            GROUP BY module
        
[ ERROR READ] :: SQLSTATE[42S22]: Column not found: 1054 Unknown column 'module' in 'field list'


[ 2025-11-28 13:22:59 ]
[ UNIX_USR ] :: nt authority\system
[ WINDOWS_USR ] :: DESKTOP-FHJB2CN$
[ INFO ] ::  
            SELECT 
                file.id,
                file.udn_id,
                file.file_name,
                file.upload_date,
                file.size_bytes,
                file.path,
                file.extension,
                file.operation_date,
                file.module,
                usuarios.usser as uploaded_by,
                udn.UDN as udn_name
            FROM rfwsmqex_gvsl_finanzas2.file
            LEFT JOIN usuarios ON file.user_id = usuarios.idUser
            LEFT JOIN udn ON file.udn_id = udn.idUDN
            WHERE 1=1 AND file.operation_date BETWEEN ? AND ?
            ORDER BY file.upload_date DESC
        
[ ERROR READ] :: SQLSTATE[42S22]: Column not found: 1054 Unknown column 'file.module' in 'field list'


[ 2025-11-28 13:22:59 ]
[ UNIX_USR ] :: nt authority\system
[ WINDOWS_USR ] :: DESKTOP-FHJB2CN$
[ INFO ] ::  
            SELECT 
                module,
                COUNT(*) as count
            FROM rfwsmqex_gvsl_finanzas2.file
            GROUP BY module
        
[ ERROR READ] :: SQLSTATE[42S22]: Column not found: 1054 Unknown column 'module' in 'field list'


[ 2025-11-28 13:22:58 ]
[ UNIX_USR ] :: nt authority\system
[ WINDOWS_USR ] :: DESKTOP-FHJB2CN$
[ INFO ] ::  
            SELECT 
                file.id,
                file.udn_id,
                file.file_name,
                file.upload_date,
                file.size_bytes,
                file.path,
                file.extension,
                file.operation_date,
                file.module,
                usuarios.usser as uploaded_by,
                udn.UDN as udn_name
            FROM rfwsmqex_gvsl_finanzas2.file
            LEFT JOIN usuarios ON file.user_id = usuarios.idUser
            LEFT JOIN udn ON file.udn_id = udn.idUDN
            WHERE 1=1 AND file.operation_date BETWEEN ? AND ?
            ORDER BY file.upload_date DESC
        
[ ERROR READ] :: SQLSTATE[42S22]: Column not found: 1054 Unknown column 'file.module' in 'field list'


[ 2025-11-28 13:22:58 ]
[ UNIX_USR ] :: nt authority\system
[ WINDOWS_USR ] :: DESKTOP-FHJB2CN$
[ INFO ] ::  
            SELECT 
                module,
                COUNT(*) as count
            FROM rfwsmqex_gvsl_finanzas2.file
            GROUP BY module
        
[ ERROR READ] :: SQLSTATE[42S22]: Column not found: 1054 Unknown column 'module' in 'field list'


[ 2025-11-28 13:22:30 ]
[ UNIX_USR ] :: nt authority\system
[ WINDOWS_USR ] :: DESKTOP-FHJB2CN$
[ INFO ] ::  
            SELECT 
                file.id,
                file.udn_id,
                file.file_name,
                file.upload_date,
                file.size_bytes,
                file.path,
                file.extension,
                file.operation_date,
                file.module,
                usuarios.usser as uploaded_by,
                udn.UDN as udn_name
            FROM rfwsmqex_gvsl_finanzas2.file
            LEFT JOIN usuarios ON file.user_id = usuarios.idUser
            LEFT JOIN udn ON file.udn_id = udn.idUDN
            WHERE 1=1 AND file.operation_date BETWEEN ? AND ?
            ORDER BY file.upload_date DESC
        
[ ERROR READ] :: SQLSTATE[42S22]: Column not found: 1054 Unknown column 'file.module' in 'field list'


[ 2025-11-28 13:22:30 ]
[ UNIX_USR ] :: nt authority\system
[ WINDOWS_USR ] :: DESKTOP-FHJB2CN$
[ INFO ] ::  
            SELECT 
                module,
                COUNT(*) as count
            FROM rfwsmqex_gvsl_finanzas2.file
            GROUP BY module
        
[ ERROR READ] :: SQLSTATE[42S22]: Column not found: 1054 Unknown column 'module' in 'field list'


[ 2025-11-28 13:22:21 ]
[ UNIX_USR ] :: nt authority\system
[ WINDOWS_USR ] :: DESKTOP-FHJB2CN$
[ INFO ] ::  
            SELECT 
                file.id,
                file.udn_id,
                file.file_name,
                file.upload_date,
                file.size_bytes,
                file.path,
                file.extension,
                file.operation_date,
                file.module,
                usuarios.usser as uploaded_by,
                udn.UDN as udn_name
            FROM rfwsmqex_gvsl_finanzas2.file
            LEFT JOIN usuarios ON file.user_id = usuarios.idUser
            LEFT JOIN udn ON file.udn_id = udn.idUDN
            WHERE 1=1 AND file.operation_date BETWEEN ? AND ?
            ORDER BY file.upload_date DESC
        
[ ERROR READ] :: SQLSTATE[42S22]: Column not found: 1054 Unknown column 'file.module' in 'field list'


[ 2025-11-28 13:22:21 ]
[ UNIX_USR ] :: nt authority\system
[ WINDOWS_USR ] :: DESKTOP-FHJB2CN$
[ INFO ] ::  
            SELECT 
                module,
                COUNT(*) as count
            FROM rfwsmqex_gvsl_finanzas2.file
            GROUP BY module
        
[ ERROR READ] :: SQLSTATE[42S22]: Column not found: 1054 Unknown column 'module' in 'field list'


[ 2025-11-28 13:22:20 ]
[ UNIX_USR ] :: nt authority\system
[ WINDOWS_USR ] :: DESKTOP-FHJB2CN$
[ INFO ] ::  
            SELECT 
                file.id,
                file.udn_id,
                file.file_name,
                file.upload_date,
                file.size_bytes,
                file.path,
                file.extension,
                file.operation_date,
                file.module,
                usuarios.usser as uploaded_by,
                udn.UDN as udn_name
            FROM rfwsmqex_gvsl_finanzas2.file
            LEFT JOIN usuarios ON file.user_id = usuarios.idUser
            LEFT JOIN udn ON file.udn_id = udn.idUDN
            WHERE 1=1 AND file.operation_date BETWEEN ? AND ?
            ORDER BY file.upload_date DESC
        
[ ERROR READ] :: SQLSTATE[42S22]: Column not found: 1054 Unknown column 'file.module' in 'field list'


[ 2025-11-28 13:22:20 ]
[ UNIX_USR ] :: nt authority\system
[ WINDOWS_USR ] :: DESKTOP-FHJB2CN$
[ INFO ] ::  
            SELECT 
                module,
                COUNT(*) as count
            FROM rfwsmqex_gvsl_finanzas2.file
            GROUP BY module
        
[ ERROR READ] :: SQLSTATE[42S22]: Column not found: 1054 Unknown column 'module' in 'field list'


[ 2025-11-28 13:21:58 ]
[ UNIX_USR ] :: nt authority\system
[ WINDOWS_USR ] :: DESKTOP-FHJB2CN$
[ INFO ] ::  
            SELECT 
                file.id,
                file.udn_id,
                file.file_name,
                file.upload_date,
                file.size_bytes,
                file.path,
                file.extension,
                file.operation_date,
                file.module,
                usuarios.usser as uploaded_by,
                udn.UDN as udn_name
            FROM rfwsmqex_gvsl_finanzas2.file
            LEFT JOIN usuarios ON file.user_id = usuarios.idUser
            LEFT JOIN udn ON file.udn_id = udn.idUDN
            WHERE 1=1 AND file.operation_date BETWEEN ? AND ?
            ORDER BY file.upload_date DESC
        
[ ERROR READ] :: SQLSTATE[42S22]: Column not found: 1054 Unknown column 'file.module' in 'field list'


[ 2025-11-28 13:21:58 ]
[ UNIX_USR ] :: nt authority\system
[ WINDOWS_USR ] :: DESKTOP-FHJB2CN$
[ INFO ] ::  
            SELECT 
                module,
                COUNT(*) as count
            FROM rfwsmqex_gvsl_finanzas2.file
            GROUP BY module
        
[ ERROR READ] :: SQLSTATE[42S22]: Column not found: 1054 Unknown column 'module' in 'field list'


[ 2025-11-28 13:21:56 ]
[ UNIX_USR ] :: nt authority\system
[ WINDOWS_USR ] :: DESKTOP-FHJB2CN$
[ INFO ] ::  
            SELECT 
                file.id,
                file.udn_id,
                file.file_name,
                file.upload_date,
                file.size_bytes,
                file.path,
                file.extension,
                file.operation_date,
                file.module,
                usuarios.usser as uploaded_by,
                udn.UDN as udn_name
            FROM rfwsmqex_gvsl_finanzas2.file
            LEFT JOIN usuarios ON file.user_id = usuarios.idUser
            LEFT JOIN udn ON file.udn_id = udn.idUDN
            WHERE 1=1 AND file.operation_date BETWEEN ? AND ?
            ORDER BY file.upload_date DESC
        
[ ERROR READ] :: SQLSTATE[42S22]: Column not found: 1054 Unknown column 'file.module' in 'field list'


[ 2025-11-28 13:21:56 ]
[ UNIX_USR ] :: nt authority\system
[ WINDOWS_USR ] :: DESKTOP-FHJB2CN$
[ INFO ] ::  
            SELECT 
                module,
                COUNT(*) as count
            FROM rfwsmqex_gvsl_finanzas2.file
            GROUP BY module
        
[ ERROR READ] :: SQLSTATE[42S22]: Column not found: 1054 Unknown column 'module' in 'field list'


[ 2025-11-28 13:21:53 ]
[ UNIX_USR ] :: nt authority\system
[ WINDOWS_USR ] :: DESKTOP-FHJB2CN$
[ INFO ] ::  
            SELECT 
                file.id,
                file.udn_id,
                file.file_name,
                file.upload_date,
                file.size_bytes,
                file.path,
                file.extension,
                file.operation_date,
                file.module,
                usuarios.usser as uploaded_by,
                udn.UDN as udn_name
            FROM rfwsmqex_gvsl_finanzas2.file
            LEFT JOIN usuarios ON file.user_id = usuarios.idUser
            LEFT JOIN udn ON file.udn_id = udn.idUDN
            WHERE 1=1 AND file.operation_date BETWEEN ? AND ?
            ORDER BY file.upload_date DESC
        
[ ERROR READ] :: SQLSTATE[42S22]: Column not found: 1054 Unknown column 'file.module' in 'field list'


[ 2025-11-28 13:21:53 ]
[ UNIX_USR ] :: nt authority\system
[ WINDOWS_USR ] :: DESKTOP-FHJB2CN$
[ INFO ] ::  
            SELECT 
                module,
                COUNT(*) as count
            FROM rfwsmqex_gvsl_finanzas2.file
            GROUP BY module
        
[ ERROR READ] :: SQLSTATE[42S22]: Column not found: 1054 Unknown column 'module' in 'field list'


[ 2025-11-28 13:21:25 ]
[ UNIX_USR ] :: nt authority\system
[ WINDOWS_USR ] :: DESKTOP-FHJB2CN$
[ INFO ] ::  
            SELECT 
                file.id,
                file.udn_id,
                file.file_name,
                file.upload_date,
                file.size_bytes,
                file.path,
                file.extension,
                file.operation_date,
                file.module,
                usuarios.usser as uploaded_by,
                udn.UDN as udn_name
            FROM rfwsmqex_gvsl_finanzas2.file
            LEFT JOIN usuarios ON file.user_id = usuarios.idUser
            LEFT JOIN udn ON file.udn_id = udn.idUDN
            WHERE 1=1 AND file.operation_date BETWEEN ? AND ?
            ORDER BY file.upload_date DESC
        
[ ERROR READ] :: SQLSTATE[42S22]: Column not found: 1054 Unknown column 'file.module' in 'field list'


[ 2025-11-28 13:21:25 ]
[ UNIX_USR ] :: nt authority\system
[ WINDOWS_USR ] :: DESKTOP-FHJB2CN$
[ INFO ] ::  
            SELECT 
                module,
                COUNT(*) as count
            FROM rfwsmqex_gvsl_finanzas2.file
            GROUP BY module
        
[ ERROR READ] :: SQLSTATE[42S22]: Column not found: 1054 Unknown column 'module' in 'field list'


[ 2025-11-28 13:21:24 ]
[ UNIX_USR ] :: nt authority\system
[ WINDOWS_USR ] :: DESKTOP-FHJB2CN$
[ INFO ] ::  
            SELECT 
                file.id,
                file.udn_id,
                file.file_name,
                file.upload_date,
                file.size_bytes,
                file.path,
                file.extension,
                file.operation_date,
                file.module,
                usuarios.usser as uploaded_by,
                udn.UDN as udn_name
            FROM rfwsmqex_gvsl_finanzas2.file
            LEFT JOIN usuarios ON file.user_id = usuarios.idUser
            LEFT JOIN udn ON file.udn_id = udn.idUDN
            WHERE 1=1 AND file.operation_date BETWEEN ? AND ?
            ORDER BY file.upload_date DESC
        
[ ERROR READ] :: SQLSTATE[42S22]: Column not found: 1054 Unknown column 'file.module' in 'field list'


[ 2025-11-28 13:21:24 ]
[ UNIX_USR ] :: nt authority\system
[ WINDOWS_USR ] :: DESKTOP-FHJB2CN$
[ INFO ] ::  
            SELECT 
                module,
                COUNT(*) as count
            FROM rfwsmqex_gvsl_finanzas2.file
            GROUP BY module
        
[ ERROR READ] :: SQLSTATE[42S22]: Column not found: 1054 Unknown column 'module' in 'field list'


[ 2025-11-28 09:12:48 ]
[ UNIX_USR ] :: nt authority\system
[ WINDOWS_USR ] :: DESKTOP-FHJB2CN$
[ INFO ] ::  
            SELECT 
                file.id,
                file.udn_id,
                file.file_name,
                file.upload_date,
                file.size_bytes,
                file.path,
                file.extension,
                file.operation_date,
                file.module,
                usuarios.usser as uploaded_by,
                udn.UDN as udn_name
            FROM rfwsmqex_gvsl_finanzas2.file
            LEFT JOIN usuarios ON file.user_id = usuarios.idUser
            LEFT JOIN udn ON file.udn_id = udn.idUDN
            WHERE 1=1 AND file.operation_date BETWEEN ? AND ?
            ORDER BY file.upload_date DESC
        
[ ERROR READ] :: SQLSTATE[42S22]: Column not found: 1054 Unknown column 'file.module' in 'field list'


[ 2025-11-28 09:12:47 ]
[ UNIX_USR ] :: nt authority\system
[ WINDOWS_USR ] :: DESKTOP-FHJB2CN$
[ INFO ] ::  
            SELECT 
                module,
                COUNT(*) as count
            FROM rfwsmqex_gvsl_finanzas2.file
            GROUP BY module
        
[ ERROR READ] :: SQLSTATE[42S22]: Column not found: 1054 Unknown column 'module' in 'field list'


