[ 2025-11-30 19:26:18 ]
[ UNIX_USR ] :: nt authority\system
[ WINDOWS_USR ] :: DESKTOP-O7AOGR9$
[ INFO ] ::  
            SELECT 
                a.idAlmacen as id,
                a.CodigoEquipo,
                a.Equipo,
                a.cantidad,
                a.Costo,
                a.Estado,
                a.rutaImagen,
                ar.Nombre_Area as area,
                c.nombreCategoria as categoria,
                z.Nombre_Area as zona
            FROM rfwsmqex_mtto.mtto_almacen a
            LEFT JOIN rfwsmqex_mtto.mtto_almacen_area ar ON a.Area = ar.idArea
            LEFT JOIN rfwsmqex_mtto.mtto_categoria c ON a.id_categoria = c.idcategoria
            LEFT JOIN rfwsmqex_mtto.mtto_almacen_area z ON a.id_zona = z.idArea
          
         AND a.id_zona = ? AND a.id_categoria = ? AND a.Area = ? ORDER BY a.idAlmacen DESC
[ ERROR READ] :: SQLSTATE[42S22]: Column not found: 1054 Unknown column 'a.id_zona' in 'on clause'


[ 2025-11-27 23:50:45 ]
[ UNIX_USR ] :: nt authority\system
[ WINDOWS_USR ] :: DESKTOP-O7AOGR9$
[ INFO ] ::  
            SELECT 
                id_zona as id,
                nombre_zona as valor,
                DATE_FORMAT(date_creation, '%d/%m/%Y') as date_creation,
                active
            FROM rfwsmqex_mtto.mtto_almacen_zona
            WHERE active = ?
            ORDER BY id_zona DESC
        
[ ERROR READ] :: SQLSTATE[42S02]: Base table or view not found: 1146 Table 'rfwsmqex_mtto.mtto_almacen_zona' doesn't exist


[ 2025-11-27 23:48:31 ]
[ UNIX_USR ] :: nt authority\system
[ WINDOWS_USR ] :: DESKTOP-O7AOGR9$
[ INFO ] ::  UPDATE rfwsmqex_mtto.mtto_almacen_area SET Nombre_Area = ? WHERE id = ?
[ ERROR C.U.D. ] :: SQLSTATE[42S22]: Column not found: 1054 Unknown column 'id' in 'where clause'


[ 2025-11-27 21:07:44 ]
[ UNIX_USR ] :: nt authority\system
[ WINDOWS_USR ] :: DESKTOP-O7AOGR9$
[ INFO ] ::  
            SELECT 
                id_zona as id,
                nombre_zona as valor,
                DATE_FORMAT(date_creation, '%d/%m/%Y') as date_creation,
                active
            FROM rfwsmqex_mtto.mtto_almacen_zona
            WHERE active = ?
            ORDER BY id_zona DESC
        
[ ERROR READ] :: SQLSTATE[42S02]: Base table or view not found: 1146 Table 'rfwsmqex_mtto.mtto_almacen_zona' doesn't exist


[ 2025-11-27 20:24:07 ]
[ UNIX_USR ] :: nt authority\system
[ WINDOWS_USR ] :: DESKTOP-O7AOGR9$
[ INFO ] ::  
            SELECT 
                idArea as id,
                Nombre_Area as valor,
                DATE_FORMAT(date_creation, '%d/%m/%Y') as date_creation,
                active
            FROM rfwsmqex_mtto.mtto_almacen_area
            WHERE active = ?
            ORDER BY idArea DESC
        
[ ERROR READ] :: SQLSTATE[42S22]: Column not found: 1054 Unknown column 'date_creation' in 'field list'


[ 2025-11-27 20:24:06 ]
[ UNIX_USR ] :: nt authority\system
[ WINDOWS_USR ] :: DESKTOP-O7AOGR9$
[ INFO ] ::  
            SELECT 
                id_zona as id,
                nombre_zona as valor,
                DATE_FORMAT(date_creation, '%d/%m/%Y') as date_creation,
                active
            FROM rfwsmqex_mtto.mtto_almacen_zona
            WHERE active = ?
            ORDER BY id_zona DESC
        
[ ERROR READ] :: SQLSTATE[42S02]: Base table or view not found: 1146 Table 'rfwsmqex_mtto.mtto_almacen_zona' doesn't exist


[ 2025-11-27 20:24:06 ]
[ UNIX_USR ] :: nt authority\system
[ WINDOWS_USR ] :: DESKTOP-O7AOGR9$
[ INFO ] ::  
            SELECT 
                idArea as id,
                Nombre_Area as valor,
                DATE_FORMAT(date_creation, '%d/%m/%Y') as date_creation,
                active
            FROM rfwsmqex_mtto.mtto_almacen_area
            WHERE active = ?
            ORDER BY idArea DESC
        
[ ERROR READ] :: SQLSTATE[42S22]: Column not found: 1054 Unknown column 'date_creation' in 'field list'


[ 2025-11-27 20:23:56 ]
[ UNIX_USR ] :: nt authority\system
[ WINDOWS_USR ] :: DESKTOP-O7AOGR9$
[ INFO ] ::  
            SELECT 
                idArea as id,
                Nombre_Area as valor,
                DATE_FORMAT(date_creation, '%d/%m/%Y') as date_creation,
                active
            FROM rfwsmqex_mtto.mtto_almacen_area
            WHERE active = ?
            ORDER BY idArea DESC
        
[ ERROR READ] :: SQLSTATE[42S22]: Column not found: 1054 Unknown column 'date_creation' in 'field list'


[ 2025-11-27 20:22:54 ]
[ UNIX_USR ] :: nt authority\system
[ WINDOWS_USR ] :: DESKTOP-O7AOGR9$
[ INFO ] ::  
            SELECT 
                id_zona as id,
                nombre_zona as valor,
                DATE_FORMAT(date_creation, '%d/%m/%Y') as date_creation,
                active
            FROM rfwsmqex_mtto.mtto_almacen_zona
            WHERE active = ?
            ORDER BY id_zona DESC
        
[ ERROR READ] :: SQLSTATE[42S02]: Base table or view not found: 1146 Table 'rfwsmqex_mtto.mtto_almacen_zona' doesn't exist


[ 2025-11-27 20:22:54 ]
[ UNIX_USR ] :: nt authority\system
[ WINDOWS_USR ] :: DESKTOP-O7AOGR9$
[ INFO ] ::  
            SELECT 
                idArea as id,
                Nombre_Area as valor,
                DATE_FORMAT(date_creation, '%d/%m/%Y') as date_creation,
                active
            FROM rfwsmqex_mtto.mtto_almacen_area
            WHERE active = ?
            ORDER BY idArea DESC
        
[ ERROR READ] :: SQLSTATE[42S22]: Column not found: 1054 Unknown column 'date_creation' in 'field list'


[ 2025-11-27 20:12:34 ]
[ UNIX_USR ] :: nt authority\system
[ WINDOWS_USR ] :: DESKTOP-O7AOGR9$
[ INFO ] ::  DELETE FROM rfwsmqex_mtto.mtto_categoria WHERE idcategoria = ? = ?
[ ERROR C.U.D. ] :: SQLSTATE[HY093]: Invalid parameter number: number of bound variables does not match number of tokens


[ 2025-11-27 20:12:13 ]
[ UNIX_USR ] :: nt authority\system
[ WINDOWS_USR ] :: DESKTOP-O7AOGR9$
[ INFO ] ::  DELETE FROM rfwsmqex_mtto.mtto_categoria WHERE idcategoria = ? = ?
[ ERROR C.U.D. ] :: SQLSTATE[HY093]: Invalid parameter number: number of bound variables does not match number of tokens


[ 2025-11-27 20:11:03 ]
[ UNIX_USR ] :: nt authority\system
[ WINDOWS_USR ] :: DESKTOP-O7AOGR9$
[ INFO ] ::  UPDATE rfwsmqex_mtto.mtto_categoria SET nombreCategoria = ? WHERE id = ?
[ ERROR C.U.D. ] :: SQLSTATE[42S22]: Column not found: 1054 Unknown column 'id' in 'where clause'


[ 2025-11-27 20:10:12 ]
[ UNIX_USR ] :: nt authority\system
[ WINDOWS_USR ] :: DESKTOP-O7AOGR9$
[ INFO ] ::  UPDATE rfwsmqex_mtto.mtto_categoria SET nombreCategoria = ? WHERE id = ?
[ ERROR C.U.D. ] :: SQLSTATE[42S22]: Column not found: 1054 Unknown column 'id' in 'where clause'


[ 2025-11-27 20:08:55 ]
[ UNIX_USR ] :: nt authority\system
[ WINDOWS_USR ] :: DESKTOP-O7AOGR9$
[ INFO ] ::  
            SELECT 
                id_zona as id,
                nombre_zona as valor,
                DATE_FORMAT(date_creation, '%d/%m/%Y') as date_creation,
                active
            FROM rfwsmqex_mtto.mtto_almacen_zona
            WHERE active = ?
            ORDER BY id_zona DESC
        
[ ERROR READ] :: SQLSTATE[42S02]: Base table or view not found: 1146 Table 'rfwsmqex_mtto.mtto_almacen_zona' doesn't exist


[ 2025-11-27 20:08:55 ]
[ UNIX_USR ] :: nt authority\system
[ WINDOWS_USR ] :: DESKTOP-O7AOGR9$
[ INFO ] ::  
            SELECT 
                idArea as id,
                Nombre_Area as valor,
                DATE_FORMAT(date_creation, '%d/%m/%Y') as date_creation,
                active
            FROM rfwsmqex_mtto.mtto_almacen_area
            WHERE active = ?
            ORDER BY idArea DESC
        
[ ERROR READ] :: SQLSTATE[42S22]: Column not found: 1054 Unknown column 'date_creation' in 'field list'


[ 2025-11-27 20:00:44 ]
[ UNIX_USR ] :: nt authority\system
[ WINDOWS_USR ] :: DESKTOP-O7AOGR9$
[ INFO ] ::  UPDATE rfwsmqex_mtto.mtto_categoria SET nombreCategoria = ? WHERE id = ?
[ ERROR C.U.D. ] :: SQLSTATE[42S22]: Column not found: 1054 Unknown column 'id' in 'where clause'


[ 2025-11-27 20:00:32 ]
[ UNIX_USR ] :: nt authority\system
[ WINDOWS_USR ] :: DESKTOP-O7AOGR9$
[ INFO ] ::  DELETE FROM rfwsmqex_mtto.mtto_categoria WHERE idcategoria = ? = ?
[ ERROR C.U.D. ] :: SQLSTATE[HY093]: Invalid parameter number: number of bound variables does not match number of tokens


[ 2025-11-27 19:58:29 ]
[ UNIX_USR ] :: nt authority\system
[ WINDOWS_USR ] :: DESKTOP-O7AOGR9$
[ INFO ] ::  
            SELECT 
                idcategoria as id,
                nombreCategoria as valor,
                DATE_FORMAT(date_creation, '%d/%m/%Y') as date_creation,
                active
            FROM rfwsmqex_mtto.mtto_categoria
            WHERE active = ?
            ORDER BY idcategoria DESC
        
[ ERROR READ] :: SQLSTATE[42S22]: Column not found: 1054 Unknown column 'date_creation' in 'field list'


[ 2025-11-27 19:57:15 ]
[ UNIX_USR ] :: nt authority\system
[ WINDOWS_USR ] :: DESKTOP-O7AOGR9$
[ INFO ] ::  
            SELECT 
                idcategoria as id,
                nombreCategoria as valor,
                DATE_FORMAT(date_creation, '%d/%m/%Y') as date_creation,
                active
            FROM rfwsmqex_mtto.mtto_categoria
            WHERE active = ?
            ORDER BY idcategoria DESC
        
[ ERROR READ] :: SQLSTATE[42S22]: Column not found: 1054 Unknown column 'date_creation' in 'field list'


[ 2025-11-27 19:56:06 ]
[ UNIX_USR ] :: nt authority\system
[ WINDOWS_USR ] :: DESKTOP-O7AOGR9$
[ INFO ] ::  
            SELECT 
                idcategoria as id,
                nombreCategoria as valor,
                DATE_FORMAT(date_creation, '%d/%m/%Y') as date_creation,
                active
            FROM rfwsmqex_mtto.mtto_categoria
            WHERE active = ?
            ORDER BY idcategoria DESC
        
[ ERROR READ] :: SQLSTATE[42S22]: Column not found: 1054 Unknown column 'date_creation' in 'field list'


[ 2025-11-27 19:56:05 ]
[ UNIX_USR ] :: nt authority\system
[ WINDOWS_USR ] :: DESKTOP-O7AOGR9$
[ INFO ] ::  
            SELECT 
                id_zona as id,
                nombre_zona as valor,
                DATE_FORMAT(date_creation, '%d/%m/%Y') as date_creation,
                active
            FROM rfwsmqex_mtto.mtto_almacen_zona
            WHERE active = ?
            ORDER BY id_zona DESC
        
[ ERROR READ] :: SQLSTATE[42S02]: Base table or view not found: 1146 Table 'rfwsmqex_mtto.mtto_almacen_zona' doesn't exist


[ 2025-11-27 19:56:05 ]
[ UNIX_USR ] :: nt authority\system
[ WINDOWS_USR ] :: DESKTOP-O7AOGR9$
[ INFO ] ::  
            SELECT 
                idArea as id,
                Nombre_Area as valor,
                DATE_FORMAT(date_creation, '%d/%m/%Y') as date_creation,
                active
            FROM rfwsmqex_mtto.mtto_almacen_area
            WHERE active = ?
            ORDER BY idArea DESC
        
[ ERROR READ] :: SQLSTATE[42S22]: Column not found: 1054 Unknown column 'date_creation' in 'field list'


[ 2025-11-27 19:56:02 ]
[ UNIX_USR ] :: nt authority\system
[ WINDOWS_USR ] :: DESKTOP-O7AOGR9$
[ INFO ] ::  
            SELECT 
                idcategoria as id,
                nombreCategoria as valor,
                DATE_FORMAT(date_creation, '%d/%m/%Y') as date_creation,
                active
            FROM rfwsmqex_mtto.mtto_categoria
            WHERE active = ?
            ORDER BY idcategoria DESC
        
[ ERROR READ] :: SQLSTATE[42S22]: Column not found: 1054 Unknown column 'date_creation' in 'field list'


[ 2025-11-27 19:55:52 ]
[ UNIX_USR ] :: nt authority\system
[ WINDOWS_USR ] :: DESKTOP-O7AOGR9$
[ INFO ] ::  
            SELECT 
                idcategoria as id,
                nombreCategoria as valor,
                DATE_FORMAT(date_creation, '%d/%m/%Y') as date_creation,
                active
            FROM rfwsmqex_mtto.mtto_categoria
            WHERE active = ?
            ORDER BY idcategoria DESC
        
[ ERROR READ] :: SQLSTATE[42S22]: Column not found: 1054 Unknown column 'date_creation' in 'field list'


[ 2025-11-27 19:54:55 ]
[ UNIX_USR ] :: nt authority\system
[ WINDOWS_USR ] :: DESKTOP-O7AOGR9$
[ INFO ] ::  
            SELECT 
                idcategoria as id,
                nombreCategoria as valor,
                DATE_FORMAT(date_creation, '%d/%m/%Y') as date_creation,
                active
            FROM rfwsmqex_mtto.mtto_categoria
            WHERE active = ?
            ORDER BY idcategoria DESC
        
[ ERROR READ] :: SQLSTATE[42S22]: Column not found: 1054 Unknown column 'date_creation' in 'field list'


[ 2025-11-27 19:54:53 ]
[ UNIX_USR ] :: nt authority\system
[ WINDOWS_USR ] :: DESKTOP-O7AOGR9$
[ INFO ] ::  
            SELECT 
                idArea as id,
                Nombre_Area as valor,
                DATE_FORMAT(date_creation, '%d/%m/%Y') as date_creation,
                active
            FROM rfwsmqex_mtto.mtto_almacen_area
            WHERE active = ?
            ORDER BY idArea DESC
        
[ ERROR READ] :: SQLSTATE[42S22]: Column not found: 1054 Unknown column 'date_creation' in 'field list'


