[ 2025-11-27 16:25:34 ]
[ UNIX_USR ] :: nt authority\system
[ WINDOWS_USR ] :: DESKTOP-FHJB2CN$
[ INFO ] ::  SELECT idArea, Nombre_Area FROM rfwsmqex_gvsl_finanzas2.mtto_almacen_area     ORDER BY Nombre_Area ASC 
[ ERROR READ] :: SQLSTATE[42S02]: Base table or view not found: 1146 Table 'rfwsmqex_gvsl_finanzas2.mtto_almacen_area' doesn't exist

[ 2025-11-27 16:25:34 ]
[ UNIX_USR ] :: nt authority\system
[ WINDOWS_USR ] :: DESKTOP-FHJB2CN$
[ INFO ] ::  SELECT idcategoria, nombreCategoria FROM rfwsmqex_gvsl_finanzas2.mtto_categoria     ORDER BY nombreCategoria ASC 
[ ERROR READ] :: SQLSTATE[42S02]: Base table or view not found: 1146 Table 'rfwsmqex_gvsl_finanzas2.mtto_categoria' doesn't exist

[ 2025-11-27 16:25:34 ]
[ UNIX_USR ] :: nt authority\system
[ WINDOWS_USR ] :: DESKTOP-FHJB2CN$
[ INFO ] ::  SELECT idZona, nombreZona, created_at, updated_at FROM rfwsmqex_gvsl_finanzas2.mtto_almacen_zona     ORDER BY nombreZona ASC 
[ ERROR READ] :: SQLSTATE[42S02]: Base table or view not found: 1146 Table 'rfwsmqex_gvsl_finanzas2.mtto_almacen_zona' doesn't exist

[ 2025-11-27 16:25:37 ]
[ UNIX_USR ] :: nt authority\system
[ WINDOWS_USR ] :: DESKTOP-FHJB2CN$
[ INFO ] ::  SELECT idArea, Nombre_Area FROM rfwsmqex_gvsl_finanzas2.mtto_almacen_area     ORDER BY Nombre_Area ASC 
[ ERROR READ] :: SQLSTATE[42S02]: Base table or view not found: 1146 Table 'rfwsmqex_gvsl_finanzas2.mtto_almacen_area' doesn't exist

[ 2025-11-27 16:25:38 ]
[ UNIX_USR ] :: nt authority\system
[ WINDOWS_USR ] :: DESKTOP-FHJB2CN$
[ INFO ] ::  SELECT idZona, nombreZona, created_at, updated_at FROM rfwsmqex_gvsl_finanzas2.mtto_almacen_zona     ORDER BY nombreZona ASC 
[ ERROR READ] :: SQLSTATE[42S02]: Base table or view not found: 1146 Table 'rfwsmqex_gvsl_finanzas2.mtto_almacen_zona' doesn't exist

[ 2025-11-27 16:25:39 ]
[ UNIX_USR ] :: nt authority\system
[ WINDOWS_USR ] :: DESKTOP-FHJB2CN$
[ INFO ] ::  SELECT idArea, Nombre_Area FROM rfwsmqex_gvsl_finanzas2.mtto_almacen_area     ORDER BY Nombre_Area ASC 
[ ERROR READ] :: SQLSTATE[42S02]: Base table or view not found: 1146 Table 'rfwsmqex_gvsl_finanzas2.mtto_almacen_area' doesn't exist

[ 2025-11-27 16:25:39 ]
[ UNIX_USR ] :: nt authority\system
[ WINDOWS_USR ] :: DESKTOP-FHJB2CN$
[ INFO ] ::  SELECT idcategoria, nombreCategoria FROM rfwsmqex_gvsl_finanzas2.mtto_categoria     ORDER BY nombreCategoria ASC 
[ ERROR READ] :: SQLSTATE[42S02]: Base table or view not found: 1146 Table 'rfwsmqex_gvsl_finanzas2.mtto_categoria' doesn't exist

