[ 2023-10-03 06:57:04 ]
[ UNIX_USR ] :: hgpqgijw
[ WINDOWS_USR ] :: %USERNAME%
[ INFO ] ::  SELECT Monto,TCodigo,
    TTCodigo,Concepto,Especificacion,
    Cliente,Autorizacion,Observaciones,Fecha,idTC
     FROM hgpqgijw_finanzas.tc,hgpqgijw_finanzas.terminal,hgpqgijw_finanzas.tipo_terminal,hgpqgijw_finanzas.folio 
     WHERE idTipoTerminal = id_TipoTerminal AND idTerminal = id_Terminal AND id_Folio = idFolio AND Fecha BETWEEN ? AND ?
[ ERROR READ] :: SQLSTATE[42000]: Syntax error or access violation: 1064 You have an error in your SQL syntax; check the manual that corresponds to your MariaDB server version for the right syntax to use near '? AND ?' at line 5

[ 2023-10-03 06:57:13 ]
[ UNIX_USR ] :: hgpqgijw
[ WINDOWS_USR ] :: %USERNAME%
[ INFO ] ::  SELECT Monto,TCodigo,
    TTCodigo,Concepto,Especificacion,
    Cliente,Autorizacion,Observaciones,Fecha,idTC
     FROM hgpqgijw_finanzas.tc,hgpqgijw_finanzas.terminal,hgpqgijw_finanzas.tipo_terminal,hgpqgijw_finanzas.folio 
     WHERE idTipoTerminal = id_TipoTerminal AND idTerminal = id_Terminal AND id_Folio = idFolio AND Fecha BETWEEN ? AND ?
[ ERROR READ] :: SQLSTATE[42000]: Syntax error or access violation: 1064 You have an error in your SQL syntax; check the manual that corresponds to your MariaDB server version for the right syntax to use near '? AND ?' at line 5

[ 2023-10-03 06:57:13 ]
[ UNIX_USR ] :: hgpqgijw
[ WINDOWS_USR ] :: %USERNAME%
[ INFO ] ::  SELECT Monto,TCodigo,
    TTCodigo,Concepto,Especificacion,
    Cliente,Autorizacion,Observaciones,Fecha,idTC
     FROM hgpqgijw_finanzas.tc,hgpqgijw_finanzas.terminal,hgpqgijw_finanzas.tipo_terminal,hgpqgijw_finanzas.folio 
     WHERE idTipoTerminal = id_TipoTerminal AND idTerminal = id_Terminal AND id_Folio = idFolio AND Fecha BETWEEN ? AND ?
[ ERROR READ] :: SQLSTATE[42000]: Syntax error or access violation: 1064 You have an error in your SQL syntax; check the manual that corresponds to your MariaDB server version for the right syntax to use near '? AND ?' at line 5

[ 2023-10-17 05:38:08 ]
[ UNIX_USR ] :: hgpqgijw
[ WINDOWS_USR ] :: %USERNAME%
[ INFO ] ::  
[ ERROR READ] :: SQLSTATE[42000]: Syntax error or access violation: 1065 Query was empty

[ 2023-10-17 05:38:09 ]
[ UNIX_USR ] :: hgpqgijw
[ WINDOWS_USR ] :: %USERNAME%
[ INFO ] ::  
[ ERROR READ] :: SQLSTATE[42000]: Syntax error or access violation: 1065 Query was empty

[ 2023-10-17 05:38:09 ]
[ UNIX_USR ] :: hgpqgijw
[ WINDOWS_USR ] :: %USERNAME%
[ INFO ] ::  
[ ERROR READ] :: SQLSTATE[42000]: Syntax error or access violation: 1065 Query was empty

[ 2023-10-17 05:38:10 ]
[ UNIX_USR ] :: hgpqgijw
[ WINDOWS_USR ] :: %USERNAME%
[ INFO ] ::  
[ ERROR READ] :: SQLSTATE[42000]: Syntax error or access violation: 1065 Query was empty

[ 2023-10-17 05:38:10 ]
[ UNIX_USR ] :: hgpqgijw
[ WINDOWS_USR ] :: %USERNAME%
[ INFO ] ::  
[ ERROR READ] :: SQLSTATE[42000]: Syntax error or access violation: 1065 Query was empty

[ 2023-10-17 05:38:10 ]
[ UNIX_USR ] :: hgpqgijw
[ WINDOWS_USR ] :: %USERNAME%
[ INFO ] ::  
[ ERROR READ] :: SQLSTATE[42000]: Syntax error or access violation: 1065 Query was empty

[ 2023-10-17 05:38:11 ]
[ UNIX_USR ] :: hgpqgijw
[ WINDOWS_USR ] :: %USERNAME%
[ INFO ] ::  
[ ERROR READ] :: SQLSTATE[42000]: Syntax error or access violation: 1065 Query was empty

