[ 2024-02-03 09:27:53 ]
[ UNIX_USR ] :: hgpqgijw
[ WINDOWS_USR ] :: %USERNAME%
[ INFO ] ::  SELECT idcategoria AS id, nombrecategoria AS valor FROM venta_categoria WHERE status = 1
[ ERROR READ] :: SQLSTATE[42S02]: Base table or view not found: 1146 Table 'hgpqgijw_erp.venta_categoria' doesn't exist

[ 2024-02-03 09:28:01 ]
[ UNIX_USR ] :: hgpqgijw
[ WINDOWS_USR ] :: %USERNAME%
[ INFO ] ::  SELECT idcategoria AS id, nombrecategoria AS valor FROM venta_categoria WHERE status = 1
[ ERROR READ] :: SQLSTATE[42S02]: Base table or view not found: 1146 Table 'hgpqgijw_erp.venta_categoria' doesn't exist

[ 2024-02-03 09:30:24 ]
[ UNIX_USR ] :: hgpqgijw
[ WINDOWS_USR ] :: %USERNAME%
[ INFO ] ::  SELECT idcategoria AS id, nombrecategoria AS valor FROM venta_categoria WHERE status = 1
[ ERROR READ] :: SQLSTATE[42S02]: Base table or view not found: 1146 Table 'hgpqgijw_erp.venta_categoria' doesn't exist

[ 2024-02-03 09:30:49 ]
[ UNIX_USR ] :: hgpqgijw
[ WINDOWS_USR ] :: %USERNAME%
[ INFO ] ::  SELECT idcategoria AS id, nombrecategoria AS valor FROM venta_categoria WHERE status = 1
[ ERROR READ] :: SQLSTATE[42S02]: Base table or view not found: 1146 Table 'hgpqgijw_erp.venta_categoria' doesn't exist

[ 2024-02-03 09:31:04 ]
[ UNIX_USR ] :: hgpqgijw
[ WINDOWS_USR ] :: %USERNAME%
[ INFO ] ::  SELECT idcategoria AS id, nombrecategoria AS valor FROM venta_categoria WHERE status = 1
[ ERROR READ] :: SQLSTATE[42S02]: Base table or view not found: 1146 Table 'hgpqgijw_erp.venta_categoria' doesn't exist

